-------------------------------------------------------------------------------
Test set: ibf2021.d2.testFixedDepositAccount
-------------------------------------------------------------------------------
Tests run: 1, Failures: 1, Errors: 0, Skipped: 0, Time elapsed: 0.03 s <<< FAILURE! - in ibf2021.d2.testFixedDepositAccount
testWithdraw(ibf2021.d2.testFixedDepositAccount)  Time elapsed: 0.005 s  <<< FAILURE!
java.lang.AssertionError: NOP withdrawal
	at ibf2021.d2.testFixedDepositAccount.testWithdraw(testFixedDepositAccount.java:15)

